Added Component: Designator=S1(DIP Switch 1 POS)
Add component (AddParameter): Name = "Availability"; Value = "In Stock"; VariantName = "[No Variations]"
Add component (AddParameter): Name = "Check_prices"; Value = "https://www.snapeda.com/parts/KAE01SGGT/E-Switch/view-part/?ref=eda"; VariantName = "[No Variations]"
Add component (AddParameter): Name = "MF"; Value = "E-Switch"; VariantName = "[No Variations]"
Add component (AddParameter): Name = "MP"; Value = "KAE01SGGT"; VariantName = "[No Variations]"
Add component (AddParameter): Name = "Package"; Value = "None"; VariantName = "[No Variations]"
Add component (AddParameter): Name = "Price"; Value = "None"; VariantName = "[No Variations]"
Add component (AddParameter): Name = "Purchase-URL"; Value = "https://pricing.snapeda.com/search/part/KAE01SGGT/?ref=eda"; VariantName = "[No Variations]"
Add component (AddParameter): Name = "SnapEDA_Link"; Value = "https://www.snapeda.com/parts/KAE01SGGT/E-Switch/view-part/?ref=snap"; VariantName = "[No Variations]"
Add component (AddParameter): Name = "Value"; Value = ""; VariantName = "[No Variations]"
Add Component: Footprint Not Found SPST Button
Added Pin To Net: NetName=NetR56_1 Pin=S1-1
Added Pin To Net: NetName=CAN_N Pin=S1-2
Add Pin To Net: Unknown Pin: Pin S2-1
Add Pin To Net: Unknown Pin: Pin S2-2
Added Member To Class: ClassName=Connectors Member=Component * M3 Mounting Hole
Added Member To Class: ClassName=Connectors Member=Component * M3 Mounting Hole
Added Member To Class: ClassName=Connectors Member=Component * M3 Mounting Hole
Added Member To Class: ClassName=Connectors Member=Component S1 DIP Switch 1 POS
Add Class Member: Failed to add class member : Component S2 SPST Button
